d:\программирование\asn1decode\asn1decode\x64\debug\vc142.pdb
d:\программирование\asn1decode\asn1decode\x64\debug\vc142.idb
d:\программирование\asn1decode\asn1decode\x64\debug\sha1.obj
d:\программирование\asn1decode\asn1decode\x64\debug\main.obj
d:\программирование\asn1decode\asn1decode\x64\debug\sha1 002.obj
d:\программирование\asn1decode\asn1decode\x64\debug\sha256.obj
d:\программирование\asn1decode\asn1decode\x64\debug\rsa test.obj
d:\программирование\asn1decode\asn1decode\x64\debug\biguint.obj
d:\программирование\asn1decode\asn1decode\x64\debug\decode.obj
d:\программирование\asn1decode\bin\asn1decode.exe
d:\программирование\asn1decode\bin\asn1decode.ilk
d:\программирование\asn1decode\bin\asn1decode.pdb
d:\программирование\asn1decode\asn1decode\x64\debug\biguint.obj.enc
d:\программирование\asn1decode\asn1decode\x64\debug\asn1decode.tlog\cl.command.1.tlog
d:\программирование\asn1decode\asn1decode\x64\debug\asn1decode.tlog\cl.read.1.tlog
d:\программирование\asn1decode\asn1decode\x64\debug\asn1decode.tlog\cl.write.1.tlog
d:\программирование\asn1decode\asn1decode\x64\debug\asn1decode.tlog\link.command.1.tlog
d:\программирование\asn1decode\asn1decode\x64\debug\asn1decode.tlog\link.delete.1.tlog
d:\программирование\asn1decode\asn1decode\x64\debug\asn1decode.tlog\link.read.1.tlog
d:\программирование\asn1decode\asn1decode\x64\debug\asn1decode.tlog\link.write.1.tlog
